0 info it worked if it ends with ok
1 verbose cli [ 'c:\\Program Files\\nodejs\\node.exe',
1 verbose cli   'c:\\Program Files\\nodejs\\node_modules\\npm\\bin\\npm-cli.js',
1 verbose cli   'install',
1 verbose cli   'bcrypt',
1 verbose cli   '--save' ]
2 info using npm@2.9.1
3 info using node@v0.12.3
4 verbose install initial load of C:\Users\user\Desktop\Toystars Files\Andela\HotRes\package.json
5 warn package.json HotRes@ No repository field.
6 verbose installManyTop reading scoped package data from C:\Users\user\Desktop\Toystars Files\Andela\HotRes\node_modules\body-parser\package.json
7 verbose installManyTop reading scoped package data from C:\Users\user\Desktop\Toystars Files\Andela\HotRes\node_modules\dotenv\package.json
8 verbose installManyTop reading scoped package data from C:\Users\user\Desktop\Toystars Files\Andela\HotRes\node_modules\express\package.json
9 verbose installManyTop reading scoped package data from C:\Users\user\Desktop\Toystars Files\Andela\HotRes\node_modules\jsonwebtoken\package.json
10 verbose installManyTop reading scoped package data from C:\Users\user\Desktop\Toystars Files\Andela\HotRes\node_modules\method-override\package.json
11 verbose installManyTop reading scoped package data from C:\Users\user\Desktop\Toystars Files\Andela\HotRes\node_modules\mongoose\package.json
12 verbose readDependencies loading dependencies from C:\Users\user\Desktop\Toystars Files\Andela\HotRes\package.json
13 silly cache add args [ 'bcrypt@^0.8.3', null ]
14 verbose cache add spec bcrypt@^0.8.3
15 silly cache add parsed spec { raw: 'bcrypt@^0.8.3',
15 silly cache add   scope: null,
15 silly cache add   name: 'bcrypt',
15 silly cache add   rawSpec: '^0.8.3',
15 silly cache add   spec: '>=0.8.3 <0.9.0',
15 silly cache add   type: 'range' }
16 silly addNamed bcrypt@>=0.8.3 <0.9.0
17 verbose addNamed ">=0.8.3 <0.9.0" is a valid semver range for bcrypt
18 silly addNameRange { name: 'bcrypt', range: '>=0.8.3 <0.9.0', hasData: false }
19 silly mapToRegistry name bcrypt
20 silly mapToRegistry using default registry
21 silly mapToRegistry registry https://registry.npmjs.org/
22 silly mapToRegistry uri https://registry.npmjs.org/bcrypt
23 verbose addNameRange registry:https://registry.npmjs.org/bcrypt not in flight; fetching
24 verbose request uri https://registry.npmjs.org/bcrypt
25 verbose request no auth needed
26 info attempt registry request try #1 at 11:19:33 AM
27 verbose request id 1bd72d0149b07d2e
28 verbose etag "5X86HJNCEQ0W2NFPYLDEYGSV3"
29 http request GET https://registry.npmjs.org/bcrypt
30 http 304 https://registry.npmjs.org/bcrypt
31 silly get cb [ 304,
31 silly get   { date: 'Wed, 10 Jun 2015 10:19:33 GMT',
31 silly get     via: '1.1 varnish',
31 silly get     'cache-control': 'max-age=60',
31 silly get     etag: '"5X86HJNCEQ0W2NFPYLDEYGSV3"',
31 silly get     age: '0',
31 silly get     connection: 'keep-alive',
31 silly get     'x-served-by': 'cache-lhr6333-LHR',
31 silly get     'x-cache': 'HIT',
31 silly get     'x-cache-hits': '1',
31 silly get     'x-timer': 'S1433931573.618766,VS0,VE358',
31 silly get     vary: 'Accept' } ]
32 verbose etag https://registry.npmjs.org/bcrypt from cache
33 verbose get saving bcrypt to C:\Users\user\AppData\Roaming\npm-cache\registry.npmjs.org\bcrypt\.cache.json
34 silly addNameRange number 2 { name: 'bcrypt', range: '>=0.8.3 <0.9.0', hasData: true }
35 silly addNameRange versions [ 'bcrypt',
35 silly addNameRange   [ '0.1.2',
35 silly addNameRange     '0.2.0',
35 silly addNameRange     '0.2.1',
35 silly addNameRange     '0.1.3',
35 silly addNameRange     '0.2.2',
35 silly addNameRange     '0.2.3',
35 silly addNameRange     '0.2.4',
35 silly addNameRange     '0.3.0',
35 silly addNameRange     '0.3.1',
35 silly addNameRange     '0.3.2',
35 silly addNameRange     '0.4.0',
35 silly addNameRange     '0.4.1',
35 silly addNameRange     '0.5.0',
35 silly addNameRange     '0.6.0',
35 silly addNameRange     '0.7.0',
35 silly addNameRange     '0.7.1',
35 silly addNameRange     '0.7.2',
35 silly addNameRange     '0.7.3',
35 silly addNameRange     '0.7.4',
35 silly addNameRange     '0.7.5',
35 silly addNameRange     '0.7.6',
35 silly addNameRange     '0.7.7',
35 silly addNameRange     '0.7.8',
35 silly addNameRange     '0.8.0',
35 silly addNameRange     '0.8.1',
35 silly addNameRange     '0.8.2',
35 silly addNameRange     '0.8.3' ] ]
36 silly addNamed bcrypt@0.8.3
37 verbose addNamed "0.8.3" is a plain semver version for bcrypt
38 silly cache afterAdd bcrypt@0.8.3
39 verbose afterAdd C:\Users\user\AppData\Roaming\npm-cache\bcrypt\0.8.3\package\package.json not in flight; writing
40 verbose afterAdd C:\Users\user\AppData\Roaming\npm-cache\bcrypt\0.8.3\package\package.json written
41 silly install resolved [ { name: 'bcrypt',
41 silly install resolved     description: 'A bcrypt library for NodeJS.',
41 silly install resolved     keywords:
41 silly install resolved      [ 'bcrypt',
41 silly install resolved        'password',
41 silly install resolved        'auth',
41 silly install resolved        'authentication',
41 silly install resolved        'encryption',
41 silly install resolved        'crypt',
41 silly install resolved        'crypto' ],
41 silly install resolved     main: './bcrypt',
41 silly install resolved     version: '0.8.3',
41 silly install resolved     author: { name: 'Nick Campbell', url: 'https://github.com/ncb000gt' },
41 silly install resolved     engines: { node: '>= 0.6.0' },
41 silly install resolved     repository:
41 silly install resolved      { type: 'git',
41 silly install resolved        url: 'git+https://github.com/ncb000gt/node.bcrypt.js.git' },
41 silly install resolved     licenses: [ [Object] ],
41 silly install resolved     bugs: { url: 'https://github.com/ncb000gt/node.bcrypt.js/issues' },
41 silly install resolved     scripts:
41 silly install resolved      { test: 'node-gyp configure build && nodeunit test',
41 silly install resolved        install: 'node-gyp rebuild' },
41 silly install resolved     dependencies: { bindings: '1.2.1', nan: '1.8.4' },
41 silly install resolved     devDependencies: { nodeunit: '>=0.6.4' },
41 silly install resolved     contributors:
41 silly install resolved      [ [Object],
41 silly install resolved        [Object],
41 silly install resolved        [Object],
41 silly install resolved        [Object],
41 silly install resolved        [Object],
41 silly install resolved        [Object],
41 silly install resolved        [Object],
41 silly install resolved        [Object],
41 silly install resolved        [Object],
41 silly install resolved        [Object],
41 silly install resolved        [Object],
41 silly install resolved        [Object],
41 silly install resolved        [Object],
41 silly install resolved        [Object] ],
41 silly install resolved     gypfile: true,
41 silly install resolved     gitHead: '59b9a1e4b3a0d0889812fdeda4e1c7bd0224ebd1',
41 silly install resolved     homepage: 'https://github.com/ncb000gt/node.bcrypt.js#readme',
41 silly install resolved     _id: 'bcrypt@0.8.3',
41 silly install resolved     _shasum: '714f92307246a35350744312b0d6a11a4abf792e',
41 silly install resolved     _from: 'bcrypt@>=0.8.3 <0.9.0',
41 silly install resolved     _npmVersion: '2.9.0',
41 silly install resolved     _nodeVersion: '0.10.35',
41 silly install resolved     _npmUser: { name: 'shtylman', email: 'shtylman@gmail.com' },
41 silly install resolved     maintainers: [ [Object], [Object], [Object], [Object] ],
41 silly install resolved     dist:
41 silly install resolved      { shasum: '714f92307246a35350744312b0d6a11a4abf792e',
41 silly install resolved        tarball: 'http://registry.npmjs.org/bcrypt/-/bcrypt-0.8.3.tgz' },
41 silly install resolved     directories: {},
41 silly install resolved     _resolved: 'https://registry.npmjs.org/bcrypt/-/bcrypt-0.8.3.tgz',
41 silly install resolved     readme: 'ERROR: No README data found!' } ]
42 info install bcrypt@0.8.3 into C:\Users\user\Desktop\Toystars Files\Andela\HotRes
43 info installOne bcrypt@0.8.3
44 verbose installOne of bcrypt to C:\Users\user\Desktop\Toystars Files\Andela\HotRes not in flight; installing
45 verbose lock using C:\Users\user\AppData\Roaming\npm-cache\_locks\bcrypt-63d551e8132adc10.lock for C:\Users\user\Desktop\Toystars Files\Andela\HotRes\node_modules\bcrypt
46 silly install write writing bcrypt 0.8.3 to C:\Users\user\Desktop\Toystars Files\Andela\HotRes\node_modules\bcrypt
47 verbose unbuild node_modules\bcrypt
48 silly gentlyRm C:\Users\user\Desktop\Toystars Files\Andela\HotRes\node_modules\bcrypt is being purged from base C:\Users\user\Desktop\Toystars Files\Andela\HotRes
49 verbose gentlyRm don't care about contents; nuking C:\Users\user\Desktop\Toystars Files\Andela\HotRes\node_modules\bcrypt
50 verbose tar unpack C:\Users\user\AppData\Roaming\npm-cache\bcrypt\0.8.3\package.tgz
51 verbose tar unpacking to C:\Users\user\Desktop\Toystars Files\Andela\HotRes\node_modules\bcrypt
52 silly gentlyRm C:\Users\user\Desktop\Toystars Files\Andela\HotRes\node_modules\bcrypt is being purged
53 verbose gentlyRm don't care about contents; nuking C:\Users\user\Desktop\Toystars Files\Andela\HotRes\node_modules\bcrypt
54 silly gunzTarPerm modes [ '777', '666' ]
55 silly gunzTarPerm extractEntry package.json
56 silly gunzTarPerm modified mode [ 'package.json', 420, 438 ]
57 silly gunzTarPerm extractEntry .npmignore
58 silly gunzTarPerm modified mode [ '.npmignore', 420, 438 ]
59 silly gunzTarPerm extractEntry README.md
60 silly gunzTarPerm modified mode [ 'README.md', 420, 438 ]
61 silly gunzTarPerm extractEntry LICENSE
62 silly gunzTarPerm modified mode [ 'LICENSE', 420, 438 ]
63 silly gunzTarPerm extractEntry bcrypt.js
64 silly gunzTarPerm modified mode [ 'bcrypt.js', 420, 438 ]
65 silly gunzTarPerm extractEntry binding.gyp
66 silly gunzTarPerm modified mode [ 'binding.gyp', 420, 438 ]
67 silly gunzTarPerm extractEntry .travis.yml
68 silly gunzTarPerm modified mode [ '.travis.yml', 420, 438 ]
69 silly gunzTarPerm extractEntry CHANGELOG.md
70 silly gunzTarPerm modified mode [ 'CHANGELOG.md', 420, 438 ]
71 silly gunzTarPerm extractEntry examples/async_compare.js
72 silly gunzTarPerm modified mode [ 'examples/async_compare.js', 420, 438 ]
73 silly gunzTarPerm extractEntry examples/forever_gen_salt.js
74 silly gunzTarPerm modified mode [ 'examples/forever_gen_salt.js', 420, 438 ]
75 silly gunzTarPerm extractEntry test/async.js
76 silly gunzTarPerm modified mode [ 'test/async.js', 420, 438 ]
77 silly gunzTarPerm extractEntry test/repetitions.js
78 silly gunzTarPerm modified mode [ 'test/repetitions.js', 420, 438 ]
79 silly gunzTarPerm extractEntry test/sync.js
80 silly gunzTarPerm modified mode [ 'test/sync.js', 420, 438 ]
81 silly gunzTarPerm extractEntry Makefile
82 silly gunzTarPerm modified mode [ 'Makefile', 420, 438 ]
83 silly gunzTarPerm extractEntry src/bcrypt.cc
84 silly gunzTarPerm modified mode [ 'src/bcrypt.cc', 420, 438 ]
85 silly gunzTarPerm extractEntry src/bcrypt_node.cc
86 silly gunzTarPerm modified mode [ 'src/bcrypt_node.cc', 420, 438 ]
87 silly gunzTarPerm extractEntry src/blowfish.cc
88 silly gunzTarPerm modified mode [ 'src/blowfish.cc', 420, 438 ]
89 silly gunzTarPerm extractEntry src/node_blf.h
90 silly gunzTarPerm modified mode [ 'src/node_blf.h', 420, 438 ]
91 silly gunzTarPerm extractEntry werker.yml
92 silly gunzTarPerm modified mode [ 'werker.yml', 420, 438 ]
93 verbose write writing to C:\Users\user\Desktop\Toystars Files\Andela\HotRes\node_modules\bcrypt\package.json
94 info preinstall bcrypt@0.8.3
95 verbose readDependencies loading dependencies from C:\Users\user\Desktop\Toystars Files\Andela\HotRes\node_modules\bcrypt\package.json
96 silly prepareForInstallMany adding bindings@1.2.1 from bcrypt dependencies
97 silly prepareForInstallMany adding nan@1.8.4 from bcrypt dependencies
98 verbose readDependencies loading dependencies from C:\Users\user\Desktop\Toystars Files\Andela\HotRes\node_modules\bcrypt\package.json
99 silly cache add args [ 'bindings@1.2.1', null ]
100 verbose cache add spec bindings@1.2.1
101 silly cache add args [ 'nan@1.8.4', null ]
102 verbose cache add spec nan@1.8.4
103 silly cache add parsed spec { raw: 'bindings@1.2.1',
103 silly cache add   scope: null,
103 silly cache add   name: 'bindings',
103 silly cache add   rawSpec: '1.2.1',
103 silly cache add   spec: '1.2.1',
103 silly cache add   type: 'version' }
104 silly addNamed bindings@1.2.1
105 verbose addNamed "1.2.1" is a plain semver version for bindings
106 silly mapToRegistry name bindings
107 silly mapToRegistry using default registry
108 silly mapToRegistry registry https://registry.npmjs.org/
109 silly mapToRegistry uri https://registry.npmjs.org/bindings
110 verbose addNameVersion registry:https://registry.npmjs.org/bindings not in flight; fetching
111 silly cache add parsed spec { raw: 'nan@1.8.4',
111 silly cache add   scope: null,
111 silly cache add   name: 'nan',
111 silly cache add   rawSpec: '1.8.4',
111 silly cache add   spec: '1.8.4',
111 silly cache add   type: 'version' }
112 silly addNamed nan@1.8.4
113 verbose addNamed "1.8.4" is a plain semver version for nan
114 silly mapToRegistry name nan
115 silly mapToRegistry using default registry
116 silly mapToRegistry registry https://registry.npmjs.org/
117 silly mapToRegistry uri https://registry.npmjs.org/nan
118 verbose addNameVersion registry:https://registry.npmjs.org/nan not in flight; fetching
119 verbose request uri https://registry.npmjs.org/bindings
120 verbose request no auth needed
121 info attempt registry request try #1 at 11:19:34 AM
122 verbose etag "ADMJ9SS6EQD8EASND8DTMLB6V"
123 http request GET https://registry.npmjs.org/bindings
124 verbose request uri https://registry.npmjs.org/nan
125 verbose request no auth needed
126 info attempt registry request try #1 at 11:19:34 AM
127 verbose etag "9D70CGL7I2GVSPGK48NI768U9"
128 http request GET https://registry.npmjs.org/nan
129 http 304 https://registry.npmjs.org/nan
130 silly get cb [ 304,
130 silly get   { date: 'Wed, 10 Jun 2015 10:19:34 GMT',
130 silly get     via: '1.1 varnish',
130 silly get     'cache-control': 'max-age=60',
130 silly get     etag: '"9D70CGL7I2GVSPGK48NI768U9"',
130 silly get     age: '58',
130 silly get     connection: 'keep-alive',
130 silly get     'x-served-by': 'cache-lhr6328-LHR',
130 silly get     'x-cache': 'HIT',
130 silly get     'x-cache-hits': '1',
130 silly get     'x-timer': 'S1433931574.971027,VS0,VE1',
130 silly get     vary: 'Accept' } ]
131 verbose etag https://registry.npmjs.org/nan from cache
132 verbose get saving nan to C:\Users\user\AppData\Roaming\npm-cache\registry.npmjs.org\nan\.cache.json
133 silly cache afterAdd nan@1.8.4
134 verbose afterAdd C:\Users\user\AppData\Roaming\npm-cache\nan\1.8.4\package\package.json not in flight; writing
135 verbose afterAdd C:\Users\user\AppData\Roaming\npm-cache\nan\1.8.4\package\package.json written
136 http 304 https://registry.npmjs.org/bindings
137 silly get cb [ 304,
137 silly get   { date: 'Wed, 10 Jun 2015 10:19:35 GMT',
137 silly get     via: '1.1 varnish',
137 silly get     'cache-control': 'max-age=60',
137 silly get     etag: '"ADMJ9SS6EQD8EASND8DTMLB6V"',
137 silly get     age: '0',
137 silly get     connection: 'keep-alive',
137 silly get     'x-served-by': 'cache-lhr6323-LHR',
137 silly get     'x-cache': 'HIT',
137 silly get     'x-cache-hits': '1',
137 silly get     'x-timer': 'S1433931575.251999,VS0,VE165',
137 silly get     vary: 'Accept' } ]
138 verbose etag https://registry.npmjs.org/bindings from cache
139 verbose get saving bindings to C:\Users\user\AppData\Roaming\npm-cache\registry.npmjs.org\bindings\.cache.json
140 silly cache afterAdd bindings@1.2.1
141 verbose afterAdd C:\Users\user\AppData\Roaming\npm-cache\bindings\1.2.1\package\package.json not in flight; writing
142 verbose afterAdd C:\Users\user\AppData\Roaming\npm-cache\bindings\1.2.1\package\package.json written
143 silly install resolved [ { name: 'nan',
143 silly install resolved     version: '1.8.4',
143 silly install resolved     description: 'Native Abstractions for Node.js: C++ header for Node 0.8->0.12 compatibility',
143 silly install resolved     main: 'include_dirs.js',
143 silly install resolved     repository: { type: 'git', url: 'git://github.com/iojs/nan.git' },
143 silly install resolved     scripts:
143 silly install resolved      { test: 'tap --gc test/js/*-test.js',
143 silly install resolved        'rebuild-tests': 'pangyp rebuild --directory test' },
143 silly install resolved     contributors:
143 silly install resolved      [ [Object],
143 silly install resolved        [Object],
143 silly install resolved        [Object],
143 silly install resolved        [Object],
143 silly install resolved        [Object],
143 silly install resolved        [Object],
143 silly install resolved        [Object] ],
143 silly install resolved     devDependencies:
143 silly install resolved      { bindings: '~1.2.1',
143 silly install resolved        'node-gyp': '~1.0.2',
143 silly install resolved        pangyp: '~2.0.1',
143 silly install resolved        tap: '~0.7.1',
143 silly install resolved        xtend: '~4.0.0' },
143 silly install resolved     license: 'MIT',
143 silly install resolved     gitHead: 'ed3bbf4ced0cf7937b4e4164766797f71aa97f3d',
143 silly install resolved     bugs: { url: 'https://github.com/iojs/nan/issues' },
143 silly install resolved     homepage: 'https://github.com/iojs/nan#readme',
143 silly install resolved     _id: 'nan@1.8.4',
143 silly install resolved     _shasum: '3c76b5382eab33e44b758d2813ca9d92e9342f34',
143 silly install resolved     _from: 'nan@1.8.4',
143 silly install resolved     _npmVersion: '2.8.3',
143 silly install resolved     _nodeVersion: '0.12.2',
143 silly install resolved     _npmUser: { name: 'kkoopa', email: 'bbyholm@abo.fi' },
143 silly install resolved     maintainers: [ [Object], [Object] ],
143 silly install resolved     dist:
143 silly install resolved      { shasum: '3c76b5382eab33e44b758d2813ca9d92e9342f34',
143 silly install resolved        tarball: 'http://registry.npmjs.org/nan/-/nan-1.8.4.tgz' },
143 silly install resolved     directories: {},
143 silly install resolved     _resolved: 'https://registry.npmjs.org/nan/-/nan-1.8.4.tgz',
143 silly install resolved     readme: 'ERROR: No README data found!' },
143 silly install resolved   { name: 'bindings',
143 silly install resolved     description: 'Helper module for loading your native module\'s .node file',
143 silly install resolved     keywords: [ 'native', 'addon', 'bindings', 'gyp', 'waf', 'c', 'c++' ],
143 silly install resolved     version: '1.2.1',
143 silly install resolved     author:
143 silly install resolved      { name: 'Nathan Rajlich',
143 silly install resolved        email: 'nathan@tootallnate.net',
143 silly install resolved        url: 'http://tootallnate.net' },
143 silly install resolved     repository:
143 silly install resolved      { type: 'git',
143 silly install resolved        url: 'git://github.com/TooTallNate/node-bindings.git' },
143 silly install resolved     main: './bindings.js',
143 silly install resolved     bugs: { url: 'https://github.com/TooTallNate/node-bindings/issues' },
143 silly install resolved     homepage: 'https://github.com/TooTallNate/node-bindings',
143 silly install resolved     license: 'MIT',
143 silly install resolved     gitHead: 'e404152ee27f8478ccbc7122ee051246e8e5ec02',
143 silly install resolved     _id: 'bindings@1.2.1',
143 silly install resolved     scripts: {},
143 silly install resolved     _shasum: '14ad6113812d2d37d72e67b4cacb4bb726505f11',
143 silly install resolved     _from: 'bindings@1.2.1',
143 silly install resolved     _npmVersion: '1.4.14',
143 silly install resolved     _npmUser: { name: 'tootallnate', email: 'nathan@tootallnate.net' },
143 silly install resolved     maintainers: [ [Object], [Object] ],
143 silly install resolved     dist:
143 silly install resolved      { shasum: '14ad6113812d2d37d72e67b4cacb4bb726505f11',
143 silly install resolved        tarball: 'http://registry.npmjs.org/bindings/-/bindings-1.2.1.tgz' },
143 silly install resolved     directories: {},
143 silly install resolved     _resolved: 'https://registry.npmjs.org/bindings/-/bindings-1.2.1.tgz',
143 silly install resolved     readme: 'ERROR: No README data found!' } ]
144 info install nan@1.8.4 into C:\Users\user\Desktop\Toystars Files\Andela\HotRes\node_modules\bcrypt
145 info install bindings@1.2.1 into C:\Users\user\Desktop\Toystars Files\Andela\HotRes\node_modules\bcrypt
146 info installOne nan@1.8.4
147 verbose installOne of nan to C:\Users\user\Desktop\Toystars Files\Andela\HotRes\node_modules\bcrypt not in flight; installing
148 info installOne bindings@1.2.1
149 verbose installOne of bindings to C:\Users\user\Desktop\Toystars Files\Andela\HotRes\node_modules\bcrypt not in flight; installing
150 verbose lock using C:\Users\user\AppData\Roaming\npm-cache\_locks\nan-35c64b483e329727.lock for C:\Users\user\Desktop\Toystars Files\Andela\HotRes\node_modules\bcrypt\node_modules\nan
151 silly install write writing nan 1.8.4 to C:\Users\user\Desktop\Toystars Files\Andela\HotRes\node_modules\bcrypt\node_modules\nan
152 verbose lock using C:\Users\user\AppData\Roaming\npm-cache\_locks\bindings-4a67395d2ba29798.lock for C:\Users\user\Desktop\Toystars Files\Andela\HotRes\node_modules\bcrypt\node_modules\bindings
153 silly install write writing bindings 1.2.1 to C:\Users\user\Desktop\Toystars Files\Andela\HotRes\node_modules\bcrypt\node_modules\bindings
154 verbose unbuild node_modules\bcrypt\node_modules\nan
155 silly gentlyRm C:\Users\user\Desktop\Toystars Files\Andela\HotRes\node_modules\bcrypt\node_modules\nan is being purged from base C:\Users\user\Desktop\Toystars Files\Andela\HotRes
156 verbose gentlyRm don't care about contents; nuking C:\Users\user\Desktop\Toystars Files\Andela\HotRes\node_modules\bcrypt\node_modules\nan
157 verbose tar unpack C:\Users\user\AppData\Roaming\npm-cache\nan\1.8.4\package.tgz
158 verbose tar unpacking to C:\Users\user\Desktop\Toystars Files\Andela\HotRes\node_modules\bcrypt\node_modules\nan
159 silly gentlyRm C:\Users\user\Desktop\Toystars Files\Andela\HotRes\node_modules\bcrypt\node_modules\nan is being purged
160 verbose gentlyRm don't care about contents; nuking C:\Users\user\Desktop\Toystars Files\Andela\HotRes\node_modules\bcrypt\node_modules\nan
161 silly gunzTarPerm modes [ '777', '666' ]
162 silly gunzTarPerm extractEntry package.json
163 silly gunzTarPerm modified mode [ 'package.json', 436, 438 ]
164 silly gunzTarPerm extractEntry README.md
165 silly gunzTarPerm modified mode [ 'README.md', 436, 438 ]
166 silly gunzTarPerm extractEntry include_dirs.js
167 silly gunzTarPerm modified mode [ 'include_dirs.js', 436, 438 ]
168 silly gunzTarPerm extractEntry LICENSE.md
169 silly gunzTarPerm modified mode [ 'LICENSE.md', 436, 438 ]
170 silly gunzTarPerm extractEntry .dntrc
171 silly gunzTarPerm modified mode [ '.dntrc', 436, 438 ]
172 silly gunzTarPerm extractEntry appveyor.yml
173 silly gunzTarPerm modified mode [ 'appveyor.yml', 436, 438 ]
174 silly gunzTarPerm extractEntry nan.h
175 silly gunzTarPerm modified mode [ 'nan.h', 436, 438 ]
176 silly gunzTarPerm extractEntry nan_implementation_12_inl.h
177 silly gunzTarPerm modified mode [ 'nan_implementation_12_inl.h', 436, 438 ]
178 silly gunzTarPerm extractEntry nan_implementation_pre_12_inl.h
179 silly gunzTarPerm modified mode [ 'nan_implementation_pre_12_inl.h', 436, 438 ]
180 silly gunzTarPerm extractEntry nan_new.h
181 silly gunzTarPerm modified mode [ 'nan_new.h', 436, 438 ]
182 silly gunzTarPerm extractEntry nan_string_bytes.h
183 silly gunzTarPerm modified mode [ 'nan_string_bytes.h', 436, 438 ]
184 silly gunzTarPerm extractEntry CHANGELOG.md
185 silly gunzTarPerm modified mode [ 'CHANGELOG.md', 436, 438 ]
186 verbose write writing to C:\Users\user\Desktop\Toystars Files\Andela\HotRes\node_modules\bcrypt\node_modules\nan\package.json
187 info preinstall nan@1.8.4
188 verbose readDependencies loading dependencies from C:\Users\user\Desktop\Toystars Files\Andela\HotRes\node_modules\bcrypt\node_modules\nan\package.json
189 verbose readDependencies loading dependencies from C:\Users\user\Desktop\Toystars Files\Andela\HotRes\node_modules\bcrypt\node_modules\nan\package.json
190 silly install resolved []
191 verbose about to build C:\Users\user\Desktop\Toystars Files\Andela\HotRes\node_modules\bcrypt\node_modules\nan
192 info build C:\Users\user\Desktop\Toystars Files\Andela\HotRes\node_modules\bcrypt\node_modules\nan
193 info linkStuff nan@1.8.4
194 silly linkStuff nan@1.8.4 has C:\Users\user\Desktop\Toystars Files\Andela\HotRes\node_modules\bcrypt\node_modules as its parent node_modules
195 verbose linkBins nan@1.8.4
196 verbose linkMans nan@1.8.4
197 verbose rebuildBundles nan@1.8.4
198 info install nan@1.8.4
199 info postinstall nan@1.8.4
200 verbose unlock done using C:\Users\user\AppData\Roaming\npm-cache\_locks\nan-35c64b483e329727.lock for C:\Users\user\Desktop\Toystars Files\Andela\HotRes\node_modules\bcrypt\node_modules\nan
201 verbose unbuild node_modules\bcrypt\node_modules\bindings
202 silly gentlyRm C:\Users\user\Desktop\Toystars Files\Andela\HotRes\node_modules\bcrypt\node_modules\bindings is being purged from base C:\Users\user\Desktop\Toystars Files\Andela\HotRes
203 verbose gentlyRm don't care about contents; nuking C:\Users\user\Desktop\Toystars Files\Andela\HotRes\node_modules\bcrypt\node_modules\bindings
204 verbose tar unpack C:\Users\user\AppData\Roaming\npm-cache\bindings\1.2.1\package.tgz
205 verbose tar unpacking to C:\Users\user\Desktop\Toystars Files\Andela\HotRes\node_modules\bcrypt\node_modules\bindings
206 silly gentlyRm C:\Users\user\Desktop\Toystars Files\Andela\HotRes\node_modules\bcrypt\node_modules\bindings is being purged
207 verbose gentlyRm don't care about contents; nuking C:\Users\user\Desktop\Toystars Files\Andela\HotRes\node_modules\bcrypt\node_modules\bindings
208 silly gunzTarPerm modes [ '777', '666' ]
209 silly gunzTarPerm extractEntry package.json
210 silly gunzTarPerm modified mode [ 'package.json', 420, 438 ]
211 silly gunzTarPerm extractEntry README.md
212 silly gunzTarPerm modified mode [ 'README.md', 420, 438 ]
213 silly gunzTarPerm extractEntry bindings.js
214 silly gunzTarPerm modified mode [ 'bindings.js', 420, 438 ]
215 verbose write writing to C:\Users\user\Desktop\Toystars Files\Andela\HotRes\node_modules\bcrypt\node_modules\bindings\package.json
216 info preinstall bindings@1.2.1
217 verbose readDependencies loading dependencies from C:\Users\user\Desktop\Toystars Files\Andela\HotRes\node_modules\bcrypt\node_modules\bindings\package.json
218 verbose readDependencies loading dependencies from C:\Users\user\Desktop\Toystars Files\Andela\HotRes\node_modules\bcrypt\node_modules\bindings\package.json
219 silly install resolved []
220 verbose about to build C:\Users\user\Desktop\Toystars Files\Andela\HotRes\node_modules\bcrypt\node_modules\bindings
221 info build C:\Users\user\Desktop\Toystars Files\Andela\HotRes\node_modules\bcrypt\node_modules\bindings
222 info linkStuff bindings@1.2.1
223 silly linkStuff bindings@1.2.1 has C:\Users\user\Desktop\Toystars Files\Andela\HotRes\node_modules\bcrypt\node_modules as its parent node_modules
224 verbose linkBins bindings@1.2.1
225 verbose linkMans bindings@1.2.1
226 verbose rebuildBundles bindings@1.2.1
227 info install bindings@1.2.1
228 info postinstall bindings@1.2.1
229 verbose unlock done using C:\Users\user\AppData\Roaming\npm-cache\_locks\bindings-4a67395d2ba29798.lock for C:\Users\user\Desktop\Toystars Files\Andela\HotRes\node_modules\bcrypt\node_modules\bindings
230 verbose about to build C:\Users\user\Desktop\Toystars Files\Andela\HotRes\node_modules\bcrypt
231 info build C:\Users\user\Desktop\Toystars Files\Andela\HotRes\node_modules\bcrypt
232 info linkStuff bcrypt@0.8.3
233 silly linkStuff bcrypt@0.8.3 has C:\Users\user\Desktop\Toystars Files\Andela\HotRes\node_modules as its parent node_modules
234 verbose linkBins bcrypt@0.8.3
235 verbose linkMans bcrypt@0.8.3
236 verbose rebuildBundles bcrypt@0.8.3
237 verbose rebuildBundles [ 'bindings', 'nan' ]
238 info install bcrypt@0.8.3
239 verbose unsafe-perm in lifecycle true
240 info bcrypt@0.8.3 Failed to exec install script
241 verbose unlock done using C:\Users\user\AppData\Roaming\npm-cache\_locks\bcrypt-63d551e8132adc10.lock for C:\Users\user\Desktop\Toystars Files\Andela\HotRes\node_modules\bcrypt
242 verbose stack Error: bcrypt@0.8.3 install: `node-gyp rebuild`
242 verbose stack Exit status 1
242 verbose stack     at EventEmitter.<anonymous> (c:\Program Files\nodejs\node_modules\npm\lib\utils\lifecycle.js:213:16)
242 verbose stack     at EventEmitter.emit (events.js:110:17)
242 verbose stack     at ChildProcess.<anonymous> (c:\Program Files\nodejs\node_modules\npm\lib\utils\spawn.js:24:14)
242 verbose stack     at ChildProcess.emit (events.js:110:17)
242 verbose stack     at maybeClose (child_process.js:1015:16)
242 verbose stack     at Process.ChildProcess._handle.onexit (child_process.js:1087:5)
243 verbose pkgid bcrypt@0.8.3
244 verbose cwd C:\Users\user\Desktop\Toystars Files\Andela\HotRes
245 error Windows_NT 6.1.7600
246 error argv "c:\\Program Files\\nodejs\\node.exe" "c:\\Program Files\\nodejs\\node_modules\\npm\\bin\\npm-cli.js" "install" "bcrypt" "--save"
247 error node v0.12.3
248 error npm  v2.9.1
249 error code ELIFECYCLE
250 error bcrypt@0.8.3 install: `node-gyp rebuild`
250 error Exit status 1
251 error Failed at the bcrypt@0.8.3 install script 'node-gyp rebuild'.
251 error This is most likely a problem with the bcrypt package,
251 error not with npm itself.
251 error Tell the author that this fails on your system:
251 error     node-gyp rebuild
251 error You can get their info via:
251 error     npm owner ls bcrypt
251 error There is likely additional logging output above.
252 verbose exit [ 1, true ]
253 verbose unbuild node_modules\bcrypt
254 info preuninstall bcrypt@0.8.3
255 info uninstall bcrypt@0.8.3
256 verbose unbuild rmStuff bcrypt@0.8.3 from C:\Users\user\Desktop\Toystars Files\Andela\HotRes\node_modules
257 info postuninstall bcrypt@0.8.3
258 silly gentlyRm C:\Users\user\Desktop\Toystars Files\Andela\HotRes\node_modules\bcrypt is being purged from base C:\Users\user\Desktop\Toystars Files\Andela\HotRes
259 verbose gentlyRm don't care about contents; nuking C:\Users\user\Desktop\Toystars Files\Andela\HotRes\node_modules\bcrypt
260 silly vacuum-fs purging C:\Users\user\Desktop\Toystars Files\Andela\HotRes\node_modules\bcrypt
261 silly vacuum-fs quitting because other entries in C:\Users\user\Desktop\Toystars Files\Andela\HotRes\node_modules
